{"numTotalTestSuites":84,"numPassedTestSuites":84,"numFailedTestSuites":0,"numPendingTestSuites":0,"numTotalTests":310,"numPassedTests":310,"numFailedTests":0,"numPendingTests":0,"numTodoTests":0,"snapshot":{"added":0,"failure":false,"filesAdded":0,"filesRemoved":0,"filesRemovedList":[],"filesUnmatched":0,"filesUpdated":0,"matched":0,"total":0,"unchecked":0,"uncheckedKeysByFile":[],"unmatched":0,"updated":0,"didUpdate":false},"startTime":1777641056530,"success":true,"testResults":[{"assertionResults":[{"ancestorTitles":["smoke"],"fullName":"smoke photo library has at least one valid photo","status":"passed","title":"photo library has at least one valid photo","duration":4.256800000000112,"failureMessages":[],"meta":{},"tags":[]},{"ancestorTitles":["smoke"],"fullName":"smoke safety filters import and run on a clean prompt without crashing","status":"passed","title":"safety filters import and run on a clean prompt without crashing","duration":139.77559999999994,"failureMessages":[],"meta":{},"tags":[]},{"ancestorTitles":["smoke"],"fullName":"smoke validation parses a well-formed Sonnet response","status":"passed","title":"validation parses a well-formed Sonnet response","duration":123.3403000000003,"failureMessages":[],"meta":{},"tags":[]},{"ancestorTitles":["smoke"],"fullName":"smoke photo selection returns a photo for typical line lengths","status":"passed","title":"photo selection returns a photo for typical line lengths","duration":2.8629000000000815,"failureMessages":[],"meta":{},"tags":[]},{"ancestorTitles":["smoke"],"fullName":"smoke fallbacks library is non-empty and well-formed","status":"passed","title":"fallbacks library is non-empty and well-formed","duration":2.547900000000027,"failureMessages":[],"meta":{},"tags":[]},{"ancestorTitles":["smoke"],"fullName":"smoke hotline lookup returns a usable resource when country missing","status":"passed","title":"hotline lookup returns a usable resource when country missing","duration":6.02980000000025,"failureMessages":[],"meta":{},"tags":[]},{"ancestorTitles":["smoke"],"fullName":"smoke error copy is defined and non-empty","status":"passed","title":"error copy is defined and non-empty","duration":4.17450000000008,"failureMessages":[],"meta":{},"tags":[]}],"startTime":1777641060028,"endTime":1777641060311.1746,"status":"passed","message":"","name":"C:/Users/larai/Documents/Software Projects/Bless Your Heart/tests/smoke.test.ts"},{"assertionResults":[{"ancestorTitles":["initAnalytics"],"fullName":"initAnalytics does nothing when not in production","status":"passed","title":"does nothing when not in production","duration":22.107899999999972,"failureMessages":[],"meta":{},"tags":[]},{"ancestorTitles":["initAnalytics"],"fullName":"initAnalytics does nothing when VITE_POSTHOG_KEY is missing in prod","status":"passed","title":"does nothing when VITE_POSTHOG_KEY is missing in prod","duration":1.28650000000016,"failureMessages":[],"meta":{},"tags":[]},{"ancestorTitles":["initAnalytics"],"fullName":"initAnalytics calls posthog.init once when prod and key are set","status":"passed","title":"calls posthog.init once when prod and key are set","duration":4.449399999999969,"failureMessages":[],"meta":{},"tags":[]},{"ancestorTitles":["initAnalytics"],"fullName":"initAnalytics is idempotent — second call does not re-init","status":"passed","title":"is idempotent — second call does not re-init","duration":1.2467999999998938,"failureMessages":[],"meta":{},"tags":[]},{"ancestorTitles":["track"],"fullName":"track does nothing when posthog is not initialized","status":"passed","title":"does nothing when posthog is not initialized","duration":0.9018000000000939,"failureMessages":[],"meta":{},"tags":[]},{"ancestorTitles":["track"],"fullName":"track forwards event name and props to posthog.capture once initialized","status":"passed","title":"forwards event name and props to posthog.capture once initialized","duration":1.505200000000059,"failureMessages":[],"meta":{},"tags":[]},{"ancestorTitles":["track"],"fullName":"track passes undefined props when none provided","status":"passed","title":"passes undefined props when none provided","duration":0.8989999999998872,"failureMessages":[],"meta":{},"tags":[]}],"startTime":1777641060659,"endTime":1777641060691.899,"status":"passed","message":"","name":"C:/Users/larai/Documents/Software Projects/Bless Your Heart/tests/client/analytics.test.ts"},{"assertionResults":[{"ancestorTitles":["callGenerate"],"fullName":"callGenerate returns parsed response on successful fetch","status":"passed","title":"returns parsed response on successful fetch","duration":6.7487999999998465,"failureMessages":[],"meta":{},"tags":[]},{"ancestorTitles":["callGenerate"],"fullName":"callGenerate returns retryable error on network failure","status":"passed","title":"returns retryable error on network failure","duration":0.7979000000000269,"failureMessages":[],"meta":{},"tags":[]},{"ancestorTitles":["callGenerate"],"fullName":"callGenerate returns offline message when navigator.onLine is false","status":"passed","title":"returns offline message when navigator.onLine is false","duration":0.5506999999997788,"failureMessages":[],"meta":{},"tags":[]},{"ancestorTitles":["callGenerate"],"fullName":"callGenerate passes through API error responses","status":"passed","title":"passes through API error responses","duration":0.39449999999987995,"failureMessages":[],"meta":{},"tags":[]},{"ancestorTitles":["callGenerate"],"fullName":"callGenerate returns retryable error on 5xx server response","status":"passed","title":"returns retryable error on 5xx server response","duration":0.3955999999998312,"failureMessages":[],"meta":{},"tags":[]},{"ancestorTitles":["callGenerate"],"fullName":"callGenerate returns retryable error on non-5xx failure response","status":"passed","title":"returns retryable error on non-5xx failure response","duration":0.35969999999997526,"failureMessages":[],"meta":{},"tags":[]},{"ancestorTitles":["callGenerate"],"fullName":"callGenerate sends excludePhotoIds in the request body","status":"passed","title":"sends excludePhotoIds in the request body","duration":1.9281999999998334,"failureMessages":[],"meta":{},"tags":[]}],"startTime":1777641060836,"endTime":1777641060847.9282,"status":"passed","message":"","name":"C:/Users/larai/Documents/Software Projects/Bless Your Heart/tests/client/api.test.ts"},{"assertionResults":[{"ancestorTitles":["cn"],"fullName":"cn joins multiple class strings","status":"passed","title":"joins multiple class strings","duration":24.109399999999823,"failureMessages":[],"meta":{},"tags":[]},{"ancestorTitles":["cn"],"fullName":"cn drops falsy values","status":"passed","title":"drops falsy values","duration":2.4861000000000786,"failureMessages":[],"meta":{},"tags":[]},{"ancestorTitles":["cn"],"fullName":"cn flattens nested arrays","status":"passed","title":"flattens nested arrays","duration":0.3083999999998923,"failureMessages":[],"meta":{},"tags":[]},{"ancestorTitles":["cn"],"fullName":"cn applies tailwind-merge — later utility wins","status":"passed","title":"applies tailwind-merge — later utility wins","duration":3.384100000000217,"failureMessages":[],"meta":{},"tags":[]},{"ancestorTitles":["cn"],"fullName":"cn preserves non-conflicting tailwind utilities","status":"passed","title":"preserves non-conflicting tailwind utilities","duration":0.5635999999999513,"failureMessages":[],"meta":{},"tags":[]},{"ancestorTitles":["cn"],"fullName":"cn supports object syntax (clsx)","status":"passed","title":"supports object syntax (clsx)","duration":0.2766999999998916,"failureMessages":[],"meta":{},"tags":[]},{"ancestorTitles":["cn"],"fullName":"cn returns empty string for no input","status":"passed","title":"returns empty string for no input","duration":0.2694000000001324,"failureMessages":[],"meta":{},"tags":[]},{"ancestorTitles":["cn"],"fullName":"cn handles all-falsy input","status":"passed","title":"handles all-falsy input","duration":0.21689999999989595,"failureMessages":[],"meta":{},"tags":[]}],"startTime":1777641060119,"endTime":1777641060151.2693,"status":"passed","message":"","name":"C:/Users/larai/Documents/Software Projects/Bless Your Heart/tests/client/cn.test.ts"},{"assertionResults":[{"ancestorTitles":["setupCanvas"],"fullName":"setupCanvas sets logical canvas size scaled by devicePixelRatio","status":"passed","title":"sets logical canvas size scaled by devicePixelRatio","duration":3.588999999999942,"failureMessages":[],"meta":{},"tags":[]},{"ancestorTitles":["setupCanvas"],"fullName":"setupCanvas falls back to dpr=1 when devicePixelRatio is undefined","status":"passed","title":"falls back to dpr=1 when devicePixelRatio is undefined","duration":0.5302999999998974,"failureMessages":[],"meta":{},"tags":[]},{"ancestorTitles":["setupCanvas"],"fullName":"setupCanvas returns a 2D context","status":"passed","title":"returns a 2D context","duration":0.40200000000004366,"failureMessages":[],"meta":{},"tags":[]},{"ancestorTitles":["setupCanvas"],"fullName":"setupCanvas enables high-quality image smoothing","status":"passed","title":"enables high-quality image smoothing","duration":0.4954999999999927,"failureMessages":[],"meta":{},"tags":[]},{"ancestorTitles":["composite"],"fullName":"composite draws image, line1, line2, and watermark in order","status":"passed","title":"draws image, line1, line2, and watermark in order","duration":1.0425999999997657,"failureMessages":[],"meta":{},"tags":[]},{"ancestorTitles":["composite"],"fullName":"composite uses white text fill for white photos","status":"passed","title":"uses white text fill for white photos","duration":1.1972000000000662,"failureMessages":[],"meta":{},"tags":[]},{"ancestorTitles":["composite"],"fullName":"composite uses dark text fill for dark photos","status":"passed","title":"uses dark text fill for dark photos","duration":0.4618000000000393,"failureMessages":[],"meta":{},"tags":[]},{"ancestorTitles":["composite"],"fullName":"composite save() and restore() are called once each (state isolation)","status":"passed","title":"save() and restore() are called once each (state isolation)","duration":0.39069999999992433,"failureMessages":[],"meta":{},"tags":[]},{"ancestorTitles":["composite"],"fullName":"composite positions 'lower-right' watermark at (1048, 1048)","status":"passed","title":"positions 'lower-right' watermark at (1048, 1048)","duration":0.5081999999997606,"failureMessages":[],"meta":{},"tags":[]},{"ancestorTitles":["composite"],"fullName":"composite positions 'lower-left' watermark at (32, 1048)","status":"passed","title":"positions 'lower-left' watermark at (32, 1048)","duration":0.5466999999998734,"failureMessages":[],"meta":{},"tags":[]},{"ancestorTitles":["composite"],"fullName":"composite positions 'upper-left' watermark at (32, 32)","status":"passed","title":"positions 'upper-left' watermark at (32, 32)","duration":0.49270000000024083,"failureMessages":[],"meta":{},"tags":[]},{"ancestorTitles":["composite"],"fullName":"composite positions 'upper-right' watermark at (1048, 32)","status":"passed","title":"positions 'upper-right' watermark at (1048, 32)","duration":0.26670000000012806,"failureMessages":[],"meta":{},"tags":[]},{"ancestorTitles":["composite"],"fullName":"composite respects scale parameter — line1 size = round(64 * scale)","status":"passed","title":"respects scale parameter — line1 size = round(64 * scale)","duration":0.39869999999973516,"failureMessages":[],"meta":{},"tags":[]},{"ancestorTitles":["composite"],"fullName":"composite uses scale=1 by default","status":"passed","title":"uses scale=1 by default","duration":0.3604000000000269,"failureMessages":[],"meta":{},"tags":[]},{"ancestorTitles":["composite"],"fullName":"composite centers text horizontally on the textZone center","status":"passed","title":"centers text horizontally on the textZone center","duration":0.3668999999999869,"failureMessages":[],"meta":{},"tags":[]},{"ancestorTitles":["composite"],"fullName":"composite sets watermark opacity to 0.85 then back to 1.0","status":"passed","title":"sets watermark opacity to 0.85 then back to 1.0","duration":0.9438000000000102,"failureMessages":[],"meta":{},"tags":[]},{"ancestorTitles":["checkFit"],"fullName":"checkFit returns ok with scale=1 when both lines fit comfortably","status":"passed","title":"returns ok with scale=1 when both lines fit comfortably","duration":1.1671000000001186,"failureMessages":[],"meta":{},"tags":[]},{"ancestorTitles":["checkFit"],"fullName":"checkFit returns scale < 1 when one line slightly overflows but stays above 0.6","status":"passed","title":"returns scale < 1 when one line slightly overflows but stays above 0.6","duration":5.902599999999893,"failureMessages":[],"meta":{},"tags":[]},{"ancestorTitles":["checkFit"],"fullName":"checkFit returns overflow when shrink would go below 0.6","status":"passed","title":"returns overflow when shrink would go below 0.6","duration":0.4337000000000444,"failureMessages":[],"meta":{},"tags":[]},{"ancestorTitles":["checkFit"],"fullName":"checkFit uses the worst (smallest) scale between line1 and line2","status":"passed","title":"uses the worst (smallest) scale between line1 and line2","duration":0.4773000000000138,"failureMessages":[],"meta":{},"tags":[]}],"startTime":1777641060851,"endTime":1777641060871.4773,"status":"passed","message":"","name":"C:/Users/larai/Documents/Software Projects/Bless Your Heart/tests/client/compositor.test.ts"},{"assertionResults":[{"ancestorTitles":["presets"],"fullName":"presets is non-empty","status":"passed","title":"is non-empty","duration":2.489900000000034,"failureMessages":[],"meta":{},"tags":[]},{"ancestorTitles":["presets"],"fullName":"presets every preset is a non-empty trimmed string","status":"passed","title":"every preset is a non-empty trimmed string","duration":1.3605000000002292,"failureMessages":[],"meta":{},"tags":[]},{"ancestorTitles":["presets"],"fullName":"presets all presets are unique","status":"passed","title":"all presets are unique","duration":0.26279999999997017,"failureMessages":[],"meta":{},"tags":[]},{"ancestorTitles":["presets"],"fullName":"presets every preset is short enough to fit a chip (≤30 chars)","status":"passed","title":"every preset is short enough to fit a chip (≤30 chars)","duration":0.4558999999999287,"failureMessages":[],"meta":{},"tags":[]},{"ancestorTitles":["placeholders"],"fullName":"placeholders is non-empty","status":"passed","title":"is non-empty","duration":0.25030000000015207,"failureMessages":[],"meta":{},"tags":[]},{"ancestorTitles":["placeholders"],"fullName":"placeholders every placeholder is a non-empty trimmed string","status":"passed","title":"every placeholder is a non-empty trimmed string","duration":0.6838999999999942,"failureMessages":[],"meta":{},"tags":[]},{"ancestorTitles":["placeholders"],"fullName":"placeholders all placeholders are unique","status":"passed","title":"all placeholders are unique","duration":0.22339999999985594,"failureMessages":[],"meta":{},"tags":[]},{"ancestorTitles":["loadingPhrases"],"fullName":"loadingPhrases is non-empty","status":"passed","title":"is non-empty","duration":0.20540000000028158,"failureMessages":[],"meta":{},"tags":[]},{"ancestorTitles":["loadingPhrases"],"fullName":"loadingPhrases every phrase ends with a period (sincere voice)","status":"passed","title":"every phrase ends with a period (sincere voice)","duration":1.6276000000002568,"failureMessages":[],"meta":{},"tags":[]},{"ancestorTitles":["loadingPhrases"],"fullName":"loadingPhrases contains no exclamation points (voice rule)","status":"passed","title":"contains no exclamation points (voice rule)","duration":0.6797999999998865,"failureMessages":[],"meta":{},"tags":[]},{"ancestorTitles":["loadingPhrases"],"fullName":"loadingPhrases all loading phrases are unique","status":"passed","title":"all loading phrases are unique","duration":0.4520999999999731,"failureMessages":[],"meta":{},"tags":[]},{"ancestorTitles":["errorCopy"],"fullName":"errorCopy has all generation error keys non-empty","status":"passed","title":"has all generation error keys non-empty","duration":0.33609999999998763,"failureMessages":[],"meta":{},"tags":[]},{"ancestorTitles":["errorCopy"],"fullName":"errorCopy has all frontend error keys non-empty","status":"passed","title":"has all frontend error keys non-empty","duration":0.1954000000000633,"failureMessages":[],"meta":{},"tags":[]},{"ancestorTitles":["errorCopy"],"fullName":"errorCopy has block messages non-empty","status":"passed","title":"has block messages non-empty","duration":4.471000000000004,"failureMessages":[],"meta":{},"tags":[]},{"ancestorTitles":["errorCopy"],"fullName":"errorCopy has errorBoundary message non-empty","status":"passed","title":"has errorBoundary message non-empty","duration":0.2035000000000764,"failureMessages":[],"meta":{},"tags":[]},{"ancestorTitles":["errorCopy"],"fullName":"errorCopy no error string contains an exclamation point (voice rule)","status":"passed","title":"no error string contains an exclamation point (voice rule)","duration":0.7690000000002328,"failureMessages":[],"meta":{},"tags":[]},{"ancestorTitles":["downloadConfirmation"],"fullName":"downloadConfirmation is a non-empty string","status":"passed","title":"is a non-empty string","duration":0.1975999999999658,"failureMessages":[],"meta":{},"tags":[]}],"startTime":1777641060123,"endTime":1777641060139.1975,"status":"passed","message":"","name":"C:/Users/larai/Documents/Software Projects/Bless Your Heart/tests/client/content.test.ts"},{"assertionResults":[{"ancestorTitles":["isIOSSafari"],"fullName":"isIOSSafari returns true for 'iPhone Safari' user agent","status":"passed","title":"returns true for 'iPhone Safari' user agent","duration":2.8125,"failureMessages":[],"meta":{},"tags":[]},{"ancestorTitles":["isIOSSafari"],"fullName":"isIOSSafari returns true for 'iPad Safari' user agent","status":"passed","title":"returns true for 'iPad Safari' user agent","duration":0.3661000000001877,"failureMessages":[],"meta":{},"tags":[]},{"ancestorTitles":["isIOSSafari"],"fullName":"isIOSSafari returns false for 'iPhone Chrome (CriOS)' user agent","status":"passed","title":"returns false for 'iPhone Chrome (CriOS)' user agent","duration":0.24769999999989523,"failureMessages":[],"meta":{},"tags":[]},{"ancestorTitles":["isIOSSafari"],"fullName":"isIOSSafari returns false for 'iPhone Firefox (FxiOS)' user agent","status":"passed","title":"returns false for 'iPhone Firefox (FxiOS)' user agent","duration":0.2543000000000575,"failureMessages":[],"meta":{},"tags":[]},{"ancestorTitles":["isIOSSafari"],"fullName":"isIOSSafari returns false for 'desktop Safari (no iP*)' user agent","status":"passed","title":"returns false for 'desktop Safari (no iP*)' user agent","duration":0.26319999999986976,"failureMessages":[],"meta":{},"tags":[]},{"ancestorTitles":["isIOSSafari"],"fullName":"isIOSSafari returns false for 'Android Chrome' user agent","status":"passed","title":"returns false for 'Android Chrome' user agent","duration":0.19419999999990978,"failureMessages":[],"meta":{},"tags":[]},{"ancestorTitles":["downloadPoster"],"fullName":"downloadPoster calls saveAs with the canvas blob and a generated filename","status":"passed","title":"calls saveAs with the canvas blob and a generated filename","duration":1.62729999999965,"failureMessages":[],"meta":{},"tags":[]},{"ancestorTitles":["downloadPoster"],"fullName":"downloadPoster returns false when canvas.toBlob produces null","status":"passed","title":"returns false when canvas.toBlob produces null","duration":0.6376000000000204,"failureMessages":[],"meta":{},"tags":[]},{"ancestorTitles":["downloadPoster"],"fullName":"downloadPoster returns false when toBlob throws synchronously","status":"passed","title":"returns false when toBlob throws synchronously","duration":0.4315000000001419,"failureMessages":[],"meta":{},"tags":[]},{"ancestorTitles":["downloadPoster"],"fullName":"downloadPoster returns false when saveAs throws","status":"passed","title":"returns false when saveAs throws","duration":0.6278000000002066,"failureMessages":[],"meta":{},"tags":[]},{"ancestorTitles":["downloadPoster"],"fullName":"downloadPoster produces unique filenames across calls","status":"passed","title":"produces unique filenames across calls","duration":0.5172999999999774,"failureMessages":[],"meta":{},"tags":[]},{"ancestorTitles":["downloadPoster"],"fullName":"downloadPoster passes \"image/png\" as the toBlob mime type","status":"passed","title":"passes \"image/png\" as the toBlob mime type","duration":2.9757000000004155,"failureMessages":[],"meta":{},"tags":[]}],"startTime":1777641060689,"endTime":1777641060699.9756,"status":"passed","message":"","name":"C:/Users/larai/Documents/Software Projects/Bless Your Heart/tests/client/download.test.ts"},{"assertionResults":[{"ancestorTitles":["ensureFontsReady"],"fullName":"ensureFontsReady caches the promise — second call returns the same instance","status":"passed","title":"caches the promise — second call returns the same instance","duration":10.057399999999689,"failureMessages":[],"meta":{},"tags":[]},{"ancestorTitles":["ensureFontsReady"],"fullName":"ensureFontsReady awaits document.fonts.ready and loads all three font variants","status":"passed","title":"awaits document.fonts.ready and loads all three font variants","duration":3.586699999999837,"failureMessages":[],"meta":{},"tags":[]},{"ancestorTitles":["ensureFontsReady"],"fullName":"ensureFontsReady rejects if document.fonts.load rejects","status":"passed","title":"rejects if document.fonts.load rejects","duration":3.3489999999997053,"failureMessages":[],"meta":{},"tags":[]},{"ancestorTitles":["ensureFontsReady"],"fullName":"ensureFontsReady returns a Promise<void>","status":"passed","title":"returns a Promise<void>","duration":2.0783000000001266,"failureMessages":[],"meta":{},"tags":[]}],"startTime":1777641060657,"endTime":1777641060677.0784,"status":"passed","message":"","name":"C:/Users/larai/Documents/Software Projects/Bless Your Heart/tests/client/fonts.test.ts"},{"assertionResults":[{"ancestorTitles":["getPhotoUrl"],"fullName":"getPhotoUrl builds the URL using the configured base, percent-encodes the path, and appends ?alt=media","status":"passed","title":"builds the URL using the configured base, percent-encodes the path, and appends ?alt=media","duration":131.4634000000001,"failureMessages":[],"meta":{},"tags":[]},{"ancestorTitles":["getPhotoUrl"],"fullName":"getPhotoUrl returns \"/photos%2F<id>.jpg?alt=media\" when base is missing (falsy fallback to empty string)","status":"passed","title":"returns \"/photos%2F<id>.jpg?alt=media\" when base is missing (falsy fallback to empty string)","duration":9.524200000000292,"failureMessages":[],"meta":{},"tags":[]},{"ancestorTitles":["getPhotoUrl"],"fullName":"getPhotoUrl encodes id characters that are URL-meaningful","status":"passed","title":"encodes id characters that are URL-meaningful","duration":1.6162999999996828,"failureMessages":[],"meta":{},"tags":[]},{"ancestorTitles":["getPhotoById"],"fullName":"getPhotoById returns the photo for a known id","status":"passed","title":"returns the photo for a known id","duration":6.281700000000001,"failureMessages":[],"meta":{},"tags":[]},{"ancestorTitles":["getPhotoById"],"fullName":"getPhotoById returns undefined for an unknown id","status":"passed","title":"returns undefined for an unknown id","duration":1.1412000000000262,"failureMessages":[],"meta":{},"tags":[]},{"ancestorTitles":["getPhotoById"],"fullName":"getPhotoById returns undefined for empty string","status":"passed","title":"returns undefined for empty string","duration":5.726000000000113,"failureMessages":[],"meta":{},"tags":[]},{"ancestorTitles":["getAllCredits"],"fullName":"getAllCredits returns objects with non-empty id and credit (skipping any photos with empty credit)","status":"passed","title":"returns objects with non-empty id and credit (skipping any photos with empty credit)","duration":5.109100000000126,"failureMessages":[],"meta":{},"tags":[]}],"startTime":1777641059951,"endTime":1777641060112.1091,"status":"passed","message":"","name":"C:/Users/larai/Documents/Software Projects/Bless Your Heart/tests/client/photos.test.ts"},{"assertionResults":[{"ancestorTitles":["photos.json data integrity"],"fullName":"photos.json data integrity contains at least one photo","status":"passed","title":"contains at least one photo","duration":2.7528000000002066,"failureMessages":[],"meta":{},"tags":[]},{"ancestorTitles":["photos.json data integrity","capacity values"],"fullName":"photos.json data integrity capacity values every photo has positive line1 and line2 capacity","status":"passed","title":"every photo has positive line1 and line2 capacity","duration":1.0742999999997664,"failureMessages":[],"meta":{},"tags":[]},{"ancestorTitles":["photos.json data integrity","high-capacity tier"],"fullName":"photos.json data integrity high-capacity tier has at least one high-capacity photo","status":"passed","title":"has at least one high-capacity photo","duration":0.31060000000024957,"failureMessages":[],"meta":{},"tags":[]},{"ancestorTitles":["photos.json data integrity","high-capacity tier"],"fullName":"photos.json data integrity high-capacity tier high-capacity photos have line1 >= 60","status":"passed","title":"high-capacity photos have line1 >= 60","duration":0.4962999999997919,"failureMessages":[],"meta":{},"tags":[]},{"ancestorTitles":["photos.json data integrity","high-capacity tier"],"fullName":"photos.json data integrity high-capacity tier high-capacity photos have line2 >= 100","status":"passed","title":"high-capacity photos have line2 >= 100","duration":0.4288000000001375,"failureMessages":[],"meta":{},"tags":[]},{"ancestorTitles":["photos.json data integrity","standard vs high-capacity ordering"],"fullName":"photos.json data integrity standard vs high-capacity ordering standard photos have lower capacity than high-capacity photos","status":"passed","title":"standard photos have lower capacity than high-capacity photos","duration":0.34380000000010114,"failureMessages":[],"meta":{},"tags":[]},{"ancestorTitles":["photos.json data integrity","textZone bounds"],"fullName":"photos.json data integrity textZone bounds all textZone values are in 0-1 range","status":"passed","title":"all textZone values are in 0-1 range","duration":6.39220000000023,"failureMessages":[],"meta":{},"tags":[]},{"ancestorTitles":["photos.json data integrity","textZone bounds"],"fullName":"photos.json data integrity textZone bounds textZone x + width does not exceed 1.01","status":"passed","title":"textZone x + width does not exceed 1.01","duration":1.1102000000000771,"failureMessages":[],"meta":{},"tags":[]},{"ancestorTitles":["photos.json data integrity","textZone bounds"],"fullName":"photos.json data integrity textZone bounds textZone y + height does not exceed 1.01","status":"passed","title":"textZone y + height does not exceed 1.01","duration":3.0029999999997017,"failureMessages":[],"meta":{},"tags":[]}],"startTime":1777641060031,"endTime":1777641060048.003,"status":"passed","message":"","name":"C:/Users/larai/Documents/Software Projects/Bless Your Heart/tests/client/textFitting.test.ts"},{"assertionResults":[{"ancestorTitles":["VOICE_SYSTEM_PROMPT"],"fullName":"VOICE_SYSTEM_PROMPT is a non-empty string with the required contract sections","status":"passed","title":"is a non-empty string with the required contract sections","duration":6.560100000000148,"failureMessages":[],"meta":{},"tags":[]},{"ancestorTitles":["VOICE_SYSTEM_PROMPT"],"fullName":"VOICE_SYSTEM_PROMPT encodes the line-length contract that validation.ts enforces","status":"passed","title":"encodes the line-length contract that validation.ts enforces","duration":0.7860999999998057,"failureMessages":[],"meta":{},"tags":[]},{"ancestorTitles":["getAnthropicClient"],"fullName":"getAnthropicClient returns the same instance on repeated calls (singleton)","status":"passed","title":"returns the same instance on repeated calls (singleton)","duration":2.842699999999695,"failureMessages":[],"meta":{},"tags":[]},{"ancestorTitles":["generateLines"],"fullName":"generateLines joins multi-block text responses","status":"passed","title":"joins multi-block text responses","duration":1.3652000000001863,"failureMessages":[],"meta":{},"tags":[]},{"ancestorTitles":["generateLines"],"fullName":"generateLines passes prompt as user message and uses voice system prompt","status":"passed","title":"passes prompt as user message and uses voice system prompt","duration":1.7242999999998574,"failureMessages":[],"meta":{},"tags":[]},{"ancestorTitles":["generateLines"],"fullName":"generateLines filters out non-text blocks","status":"passed","title":"filters out non-text blocks","duration":1.622599999999693,"failureMessages":[],"meta":{},"tags":[]},{"ancestorTitles":["generateLines"],"fullName":"generateLines returns empty string when there are no text blocks","status":"passed","title":"returns empty string when there are no text blocks","duration":0.531800000000203,"failureMessages":[],"meta":{},"tags":[]},{"ancestorTitles":["generateLines"],"fullName":"generateLines uses ANTHROPIC_MODEL_GEN env var when set","status":"passed","title":"uses ANTHROPIC_MODEL_GEN env var when set","duration":0.43269999999984066,"failureMessages":[],"meta":{},"tags":[]},{"ancestorTitles":["generateLines"],"fullName":"generateLines defaults model to claude-sonnet-4-6 when env var unset","status":"passed","title":"defaults model to claude-sonnet-4-6 when env var unset","duration":1.2310999999999694,"failureMessages":[],"meta":{},"tags":[]},{"ancestorTitles":["generateLines"],"fullName":"generateLines propagates SDK errors so the caller can retry/fall back","status":"passed","title":"propagates SDK errors so the caller can retry/fall back","duration":2.3977999999997337,"failureMessages":[],"meta":{},"tags":[]},{"ancestorTitles":["checkTone"],"fullName":"checkTone returns true when verdict starts with \"safe\"","status":"passed","title":"returns true when verdict starts with \"safe\"","duration":0.9347000000002481,"failureMessages":[],"meta":{},"tags":[]},{"ancestorTitles":["checkTone"],"fullName":"checkTone returns false when verdict starts with \"user\"","status":"passed","title":"returns false when verdict starts with \"user\"","duration":2.1216999999996915,"failureMessages":[],"meta":{},"tags":[]},{"ancestorTitles":["checkTone"],"fullName":"checkTone is case-insensitive on the verdict","status":"passed","title":"is case-insensitive on the verdict","duration":1.3358000000002903,"failureMessages":[],"meta":{},"tags":[]},{"ancestorTitles":["checkTone"],"fullName":"checkTone trims whitespace before comparing verdict","status":"passed","title":"trims whitespace before comparing verdict","duration":0.3083000000001448,"failureMessages":[],"meta":{},"tags":[]},{"ancestorTitles":["checkTone"],"fullName":"checkTone treats non-text content as \"safe\" (defensive default)","status":"passed","title":"treats non-text content as \"safe\" (defensive default)","duration":0.28139999999984866,"failureMessages":[],"meta":{},"tags":[]},{"ancestorTitles":["checkTone"],"fullName":"checkTone returns true when ENABLE_TONE_CHECK is exactly \"false\" (skip path)","status":"passed","title":"returns true when ENABLE_TONE_CHECK is exactly \"false\" (skip path)","duration":0.48700000000008004,"failureMessages":[],"meta":{},"tags":[]},{"ancestorTitles":["checkTone"],"fullName":"checkTone still runs check when ENABLE_TONE_CHECK is \"true\" (truthy but not the bypass sentinel)","status":"passed","title":"still runs check when ENABLE_TONE_CHECK is \"true\" (truthy but not the bypass sentinel)","duration":0.2693999999996777,"failureMessages":[],"meta":{},"tags":[]},{"ancestorTitles":["checkTone"],"fullName":"checkTone returns true on SDK error (fails open — never block on a tone-check infra failure)","status":"passed","title":"returns true on SDK error (fails open — never block on a tone-check infra failure)","duration":0.9324000000001433,"failureMessages":[],"meta":{},"tags":[]},{"ancestorTitles":["checkTone"],"fullName":"checkTone passes prompt and line2 in the user message body for context","status":"passed","title":"passes prompt and line2 in the user message body for context","duration":0.7866999999996551,"failureMessages":[],"meta":{},"tags":[]},{"ancestorTitles":["checkTone"],"fullName":"checkTone uses safety model env var when set","status":"passed","title":"uses safety model env var when set","duration":2.5281999999997424,"failureMessages":[],"meta":{},"tags":[]},{"ancestorTitles":["checkTone"],"fullName":"checkTone uses temperature 0 for deterministic verdicts","status":"passed","title":"uses temperature 0 for deterministic verdicts","duration":0.4008000000003449,"failureMessages":[],"meta":{},"tags":[]}],"startTime":1777641060203,"endTime":1777641060235.401,"status":"passed","message":"","name":"C:/Users/larai/Documents/Software Projects/Bless Your Heart/tests/server/anthropic.test.ts"},{"assertionResults":[{"ancestorTitles":["safeFallbacks"],"fullName":"safeFallbacks contains at least one entry (otherwise the safety net silently breaks)","status":"passed","title":"contains at least one entry (otherwise the safety net silently breaks)","duration":5.450000000000273,"failureMessages":[],"meta":{},"tags":[]},{"ancestorTitles":["safeFallbacks"],"fullName":"safeFallbacks every fallback respects the line1 hard cap of 60 chars","status":"passed","title":"every fallback respects the line1 hard cap of 60 chars","duration":1.5515999999997803,"failureMessages":[],"meta":{},"tags":[]},{"ancestorTitles":["safeFallbacks"],"fullName":"safeFallbacks every fallback respects the line2 hard cap of 100 chars","status":"passed","title":"every fallback respects the line2 hard cap of 100 chars","duration":0.8677999999999884,"failureMessages":[],"meta":{},"tags":[]},{"ancestorTitles":["safeFallbacks"],"fullName":"safeFallbacks every fallback has non-empty lines","status":"passed","title":"every fallback has non-empty lines","duration":5.540700000000015,"failureMessages":[],"meta":{},"tags":[]},{"ancestorTitles":["safeFallbacks"],"fullName":"safeFallbacks every fallback references a photoId that exists in photos.json","status":"passed","title":"every fallback references a photoId that exists in photos.json","duration":0.8042999999997846,"failureMessages":[],"meta":{},"tags":[]},{"ancestorTitles":["safeFallbacks"],"fullName":"safeFallbacks fallback line1 entries are visually distinct (no exact duplicates)","status":"passed","title":"fallback line1 entries are visually distinct (no exact duplicates)","duration":0.3490999999999076,"failureMessages":[],"meta":{},"tags":[]},{"ancestorTitles":["safeFallbacks"],"fullName":"safeFallbacks fallback line2 entries are visually distinct","status":"passed","title":"fallback line2 entries are visually distinct","duration":0.3272999999999229,"failureMessages":[],"meta":{},"tags":[]},{"ancestorTitles":["safeFallbacks"],"fullName":"safeFallbacks no fallback uses an exclamation point (voice rule)","status":"passed","title":"no fallback uses an exclamation point (voice rule)","duration":5.921999999999571,"failureMessages":[],"meta":{},"tags":[]}],"startTime":1777641060079,"endTime":1777641060099.922,"status":"passed","message":"","name":"C:/Users/larai/Documents/Software Projects/Bless Your Heart/tests/server/fallbacks.test.ts"},{"assertionResults":[{"ancestorTitles":["contract — HTTP method handling"],"fullName":"contract — HTTP method handling GET returns 405 with plain-text body (not JSON)","status":"passed","title":"GET returns 405 with plain-text body (not JSON)","duration":5.938699999999699,"failureMessages":[],"meta":{},"tags":[]},{"ancestorTitles":["contract — HTTP method handling"],"fullName":"contract — HTTP method handling PUT returns 405 with plain-text body","status":"passed","title":"PUT returns 405 with plain-text body","duration":0.6411000000002787,"failureMessages":[],"meta":{},"tags":[]},{"ancestorTitles":["contract — HTTP method handling"],"fullName":"contract — HTTP method handling DELETE returns 405 with plain-text body","status":"passed","title":"DELETE returns 405 with plain-text body","duration":0.4414000000001579,"failureMessages":[],"meta":{},"tags":[]},{"ancestorTitles":["contract — HTTP method handling"],"fullName":"contract — HTTP method handling PATCH returns 405 with plain-text body","status":"passed","title":"PATCH returns 405 with plain-text body","duration":0.3706999999999425,"failureMessages":[],"meta":{},"tags":[]},{"ancestorTitles":["contract — HTTP method handling"],"fullName":"contract — HTTP method handling OPTIONS returns 405 with plain-text body","status":"passed","title":"OPTIONS returns 405 with plain-text body","duration":0.9818999999997686,"failureMessages":[],"meta":{},"tags":[]},{"ancestorTitles":["contract — HTTP method handling"],"fullName":"contract — HTTP method handling HEAD returns 405 with plain-text body","status":"passed","title":"HEAD returns 405 with plain-text body","duration":0.2873999999997068,"failureMessages":[],"meta":{},"tags":[]},{"ancestorTitles":["contract — response headers"],"fullName":"contract — response headers 400 response includes Content-Type: application/json; charset=utf-8","status":"passed","title":"400 response includes Content-Type: application/json; charset=utf-8","duration":0.44230000000015934,"failureMessages":[],"meta":{},"tags":[]},{"ancestorTitles":["contract — response headers"],"fullName":"contract — response headers 400 response includes Cache-Control: no-store","status":"passed","title":"400 response includes Cache-Control: no-store","duration":0.3523000000000138,"failureMessages":[],"meta":{},"tags":[]},{"ancestorTitles":["contract — response headers"],"fullName":"contract — response headers 200 ok response includes Content-Type: application/json; charset=utf-8","status":"passed","title":"200 ok response includes Content-Type: application/json; charset=utf-8","duration":7.813000000000102,"failureMessages":[],"meta":{},"tags":[]},{"ancestorTitles":["contract — response headers"],"fullName":"contract — response headers 200 ok response includes Cache-Control: no-store","status":"passed","title":"200 ok response includes Cache-Control: no-store","duration":1.090900000000147,"failureMessages":[],"meta":{},"tags":[]},{"ancestorTitles":["contract — response headers"],"fullName":"contract — response headers rate_limited response includes Cache-Control: no-store (must not be cached)","status":"passed","title":"rate_limited response includes Cache-Control: no-store (must not be cached)","duration":14.19399999999996,"failureMessages":[],"meta":{},"tags":[]},{"ancestorTitles":["contract — request validation"],"fullName":"contract — request validation accepts a request with no body (treated as empty object → fails Zod → 400)","status":"passed","title":"accepts a request with no body (treated as empty object → fails Zod → 400)","duration":1.7977000000000771,"failureMessages":[],"meta":{},"tags":[]},{"ancestorTitles":["contract — request validation"],"fullName":"contract — request validation accepts a request omitting excludePhotoIds (server defaults it to [])","status":"passed","title":"accepts a request omitting excludePhotoIds (server defaults it to [])","duration":0.7771999999999935,"failureMessages":[],"meta":{},"tags":[]},{"ancestorTitles":["contract — request validation"],"fullName":"contract — request validation rejects when prompt is not a string","status":"passed","title":"rejects when prompt is not a string","duration":0.5181000000002314,"failureMessages":[],"meta":{},"tags":[]},{"ancestorTitles":["contract — request validation"],"fullName":"contract — request validation rejects when excludePhotoIds contains non-string entries","status":"passed","title":"rejects when excludePhotoIds contains non-string entries","duration":1.019800000000032,"failureMessages":[],"meta":{},"tags":[]},{"ancestorTitles":["contract — request validation"],"fullName":"contract — request validation rejects when prompt is null","status":"passed","title":"rejects when prompt is null","duration":0.4522999999999229,"failureMessages":[],"meta":{},"tags":[]},{"ancestorTitles":["contract — request validation"],"fullName":"contract — request validation accepts prompt at exactly 200 chars (boundary, allowed)","status":"passed","title":"accepts prompt at exactly 200 chars (boundary, allowed)","duration":0.5933999999997468,"failureMessages":[],"meta":{},"tags":[]},{"ancestorTitles":["contract — request validation"],"fullName":"contract — request validation rejects prompt at 201 chars (just over the boundary)","status":"passed","title":"rejects prompt at 201 chars (just over the boundary)","duration":0.7959000000000742,"failureMessages":[],"meta":{},"tags":[]},{"ancestorTitles":["contract — request validation"],"fullName":"contract — request validation accepts prompt of length 1 (single char, lower boundary)","status":"passed","title":"accepts prompt of length 1 (single char, lower boundary)","duration":1.681800000000294,"failureMessages":[],"meta":{},"tags":[]},{"ancestorTitles":["contract — request validation"],"fullName":"contract — request validation rejects malformed JSON body with the documented error shape","status":"passed","title":"rejects malformed JSON body with the documented error shape","duration":0.991099999999733,"failureMessages":[],"meta":{},"tags":[]},{"ancestorTitles":["contract — request validation"],"fullName":"contract — request validation trims surrounding whitespace from prompt before length validation","status":"passed","title":"trims surrounding whitespace from prompt before length validation","duration":0.6183000000000902,"failureMessages":[],"meta":{},"tags":[]},{"ancestorTitles":["contract — every response status conforms to GenerateResponseSchema"],"fullName":"contract — every response status conforms to GenerateResponseSchema status=ok matches the schema (line1≤60, line2≤100, fittingRung 1|2|3|4)","status":"passed","title":"status=ok matches the schema (line1≤60, line2≤100, fittingRung 1|2|3|4)","duration":1.657799999999952,"failureMessages":[],"meta":{},"tags":[]},{"ancestorTitles":["contract — every response status conforms to GenerateResponseSchema"],"fullName":"contract — every response status conforms to GenerateResponseSchema status=blocked (slur path) matches the schema","status":"passed","title":"status=blocked (slur path) matches the schema","duration":0.7445000000002437,"failureMessages":[],"meta":{},"tags":[]},{"ancestorTitles":["contract — every response status conforms to GenerateResponseSchema"],"fullName":"contract — every response status conforms to GenerateResponseSchema status=blocked (real-person path) matches the schema with different message text","status":"passed","title":"status=blocked (real-person path) matches the schema with different message text","duration":1.397899999999936,"failureMessages":[],"meta":{},"tags":[]},{"ancestorTitles":["contract — every response status conforms to GenerateResponseSchema"],"fullName":"contract — every response status conforms to GenerateResponseSchema status=distress matches the schema with a complete Hotline payload","status":"passed","title":"status=distress matches the schema with a complete Hotline payload","duration":1.3647000000000844,"failureMessages":[],"meta":{},"tags":[]},{"ancestorTitles":["contract — every response status conforms to GenerateResponseSchema"],"fullName":"contract — every response status conforms to GenerateResponseSchema status=safe_fallback matches the schema (no fittingRung field, both lines present)","status":"passed","title":"status=safe_fallback matches the schema (no fittingRung field, both lines present)","duration":1.2442000000000917,"failureMessages":[],"meta":{},"tags":[]},{"ancestorTitles":["contract — every response status conforms to GenerateResponseSchema"],"fullName":"contract — every response status conforms to GenerateResponseSchema status=error matches the schema for invalid input","status":"passed","title":"status=error matches the schema for invalid input","duration":0.5452999999997701,"failureMessages":[],"meta":{},"tags":[]},{"ancestorTitles":["contract — every response status conforms to GenerateResponseSchema"],"fullName":"contract — every response status conforms to GenerateResponseSchema every successful response includes a non-empty photoId that looks like a slug","status":"passed","title":"every successful response includes a non-empty photoId that looks like a slug","duration":0.75,"failureMessages":[],"meta":{},"tags":[]},{"ancestorTitles":["contract — x-country header behavior"],"fullName":"contract — x-country header behavior uppercase x-country selects the country hotline","status":"passed","title":"uppercase x-country selects the country hotline","duration":0.46680000000014843,"failureMessages":[],"meta":{},"tags":[]},{"ancestorTitles":["contract — x-country header behavior"],"fullName":"contract — x-country header behavior lowercase x-country is normalized to uppercase before lookup","status":"passed","title":"lowercase x-country is normalized to uppercase before lookup","duration":0.3510999999998603,"failureMessages":[],"meta":{},"tags":[]},{"ancestorTitles":["contract — x-country header behavior"],"fullName":"contract — x-country header behavior mixed-case x-country (e.g. \"Us\") is normalized to uppercase before lookup","status":"passed","title":"mixed-case x-country (e.g. \"Us\") is normalized to uppercase before lookup","duration":0.3690000000001419,"failureMessages":[],"meta":{},"tags":[]},{"ancestorTitles":["contract — x-country header behavior"],"fullName":"contract — x-country header behavior missing x-country falls back to INTL hotline (countryCode=\"INTL\", phone=\"\")","status":"passed","title":"missing x-country falls back to INTL hotline (countryCode=\"INTL\", phone=\"\")","duration":0.4315000000001419,"failureMessages":[],"meta":{},"tags":[]},{"ancestorTitles":["contract — x-country header behavior"],"fullName":"contract — x-country header behavior unknown x-country (e.g. \"ZZ\") falls back to INTL hotline","status":"passed","title":"unknown x-country (e.g. \"ZZ\") falls back to INTL hotline","duration":0.7665000000001783,"failureMessages":[],"meta":{},"tags":[]},{"ancestorTitles":["contract — schema accepts all documented variants"],"fullName":"contract — schema accepts all documented variants accepts a canonical ok response","status":"passed","title":"accepts a canonical ok response","duration":1.38149999999996,"failureMessages":[],"meta":{},"tags":[]},{"ancestorTitles":["contract — schema accepts all documented variants"],"fullName":"contract — schema accepts all documented variants accepts fittingRung=4 even though no current code path emits it","status":"passed","title":"accepts fittingRung=4 even though no current code path emits it","duration":0.7092999999999847,"failureMessages":[],"meta":{},"tags":[]},{"ancestorTitles":["contract — schema accepts all documented variants"],"fullName":"contract — schema accepts all documented variants rejects fittingRung=5 (out of allowed enum)","status":"passed","title":"rejects fittingRung=5 (out of allowed enum)","duration":0.938799999999901,"failureMessages":[],"meta":{},"tags":[]},{"ancestorTitles":["contract — schema accepts all documented variants"],"fullName":"contract — schema accepts all documented variants rejects line1 longer than the 60-char hard cap","status":"passed","title":"rejects line1 longer than the 60-char hard cap","duration":0.5591999999996915,"failureMessages":[],"meta":{},"tags":[]},{"ancestorTitles":["contract — schema accepts all documented variants"],"fullName":"contract — schema accepts all documented variants rejects line2 longer than the 100-char hard cap","status":"passed","title":"rejects line2 longer than the 100-char hard cap","duration":0.7374000000004344,"failureMessages":[],"meta":{},"tags":[]},{"ancestorTitles":["contract — schema accepts all documented variants"],"fullName":"contract — schema accepts all documented variants accepts a Hotline with no url field (countries like NZ, IN, DE, FR)","status":"passed","title":"accepts a Hotline with no url field (countries like NZ, IN, DE, FR)","duration":0.42849999999998545,"failureMessages":[],"meta":{},"tags":[]},{"ancestorTitles":["contract — schema accepts all documented variants"],"fullName":"contract — schema accepts all documented variants rejects a discriminator value that is not in the union","status":"passed","title":"rejects a discriminator value that is not in the union","duration":0.5895000000000437,"failureMessages":[],"meta":{},"tags":[]},{"ancestorTitles":["contract — schema accepts all documented variants"],"fullName":"contract — schema accepts all documented variants rejects an error response missing the retryable flag","status":"passed","title":"rejects an error response missing the retryable flag","duration":0.6698999999998705,"failureMessages":[],"meta":{},"tags":[]}],"startTime":1777641060239,"endTime":1777641060297.67,"status":"passed","message":"","name":"C:/Users/larai/Documents/Software Projects/Bless Your Heart/tests/server/generate-contract.test.ts"},{"assertionResults":[{"ancestorTitles":["generate endpoint — method/validation"],"fullName":"generate endpoint — method/validation rejects non-POST methods with 405","status":"passed","title":"rejects non-POST methods with 405","duration":4.035399999999754,"failureMessages":[],"meta":{},"tags":[]},{"ancestorTitles":["generate endpoint — method/validation"],"fullName":"generate endpoint — method/validation returns 400 for invalid JSON body","status":"passed","title":"returns 400 for invalid JSON body","duration":1.038600000000315,"failureMessages":[],"meta":{},"tags":[]},{"ancestorTitles":["generate endpoint — method/validation"],"fullName":"generate endpoint — method/validation returns 400 when prompt is missing","status":"passed","title":"returns 400 when prompt is missing","duration":4.069600000000264,"failureMessages":[],"meta":{},"tags":[]},{"ancestorTitles":["generate endpoint — method/validation"],"fullName":"generate endpoint — method/validation returns 400 when prompt is empty string after trim","status":"passed","title":"returns 400 when prompt is empty string after trim","duration":0.9521999999997206,"failureMessages":[],"meta":{},"tags":[]},{"ancestorTitles":["generate endpoint — method/validation"],"fullName":"generate endpoint — method/validation returns 400 when prompt exceeds 200 chars","status":"passed","title":"returns 400 when prompt exceeds 200 chars","duration":0.6553000000003522,"failureMessages":[],"meta":{},"tags":[]},{"ancestorTitles":["generate endpoint — safety filters"],"fullName":"generate endpoint — safety filters blocks slur input before calling the SDK","status":"passed","title":"blocks slur input before calling the SDK","duration":2.835900000000038,"failureMessages":[],"meta":{},"tags":[]},{"ancestorTitles":["generate endpoint — safety filters"],"fullName":"generate endpoint — safety filters blocks possessive-name pattern (real person filter)","status":"passed","title":"blocks possessive-name pattern (real person filter)","duration":1.036899999999605,"failureMessages":[],"meta":{},"tags":[]},{"ancestorTitles":["generate endpoint — safety filters"],"fullName":"generate endpoint — safety filters returns distress with hotline for phrase-list match","status":"passed","title":"returns distress with hotline for phrase-list match","duration":0.9720999999999549,"failureMessages":[],"meta":{},"tags":[]},{"ancestorTitles":["generate endpoint — safety filters"],"fullName":"generate endpoint — safety filters returns distress when Haiku flags a non-phrase-list crisis","status":"passed","title":"returns distress when Haiku flags a non-phrase-list crisis","duration":0.7925999999997657,"failureMessages":[],"meta":{},"tags":[]},{"ancestorTitles":["generate endpoint — safety filters"],"fullName":"generate endpoint — safety filters uses x-country header to pick the hotline","status":"passed","title":"uses x-country header to pick the hotline","duration":0.5886999999997897,"failureMessages":[],"meta":{},"tags":[]},{"ancestorTitles":["generate endpoint — happy path"],"fullName":"generate endpoint — happy path returns ok with line1/line2/photoId/fittingRung for a clean prompt","status":"passed","title":"returns ok with line1/line2/photoId/fittingRung for a clean prompt","duration":4.815900000000056,"failureMessages":[],"meta":{},"tags":[]},{"ancestorTitles":["generate endpoint — happy path"],"fullName":"generate endpoint — happy path respects excludePhotoIds (returns a different photo on regenerate)","status":"passed","title":"respects excludePhotoIds (returns a different photo on regenerate)","duration":3.38169999999991,"failureMessages":[],"meta":{},"tags":[]},{"ancestorTitles":["generate endpoint — retry + fallback"],"fullName":"generate endpoint — retry + fallback falls back when Sonnet returns invalid JSON 3 times","status":"passed","title":"falls back when Sonnet returns invalid JSON 3 times","duration":1.0847999999996318,"failureMessages":[],"meta":{},"tags":[]},{"ancestorTitles":["generate endpoint — retry + fallback"],"fullName":"generate endpoint — retry + fallback falls back when Sonnet output fails specificity 3 times","status":"passed","title":"falls back when Sonnet output fails specificity 3 times","duration":1.0376000000001113,"failureMessages":[],"meta":{},"tags":[]},{"ancestorTitles":["generate endpoint — retry + fallback"],"fullName":"generate endpoint — retry + fallback falls back when Sonnet throws on every attempt","status":"passed","title":"falls back when Sonnet throws on every attempt","duration":0.9463999999998123,"failureMessages":[],"meta":{},"tags":[]},{"ancestorTitles":["generate endpoint — retry + fallback"],"fullName":"generate endpoint — retry + fallback succeeds on second attempt after a single failure (uses retry budget)","status":"passed","title":"succeeds on second attempt after a single failure (uses retry budget)","duration":0.6024999999999636,"failureMessages":[],"meta":{},"tags":[]},{"ancestorTitles":["generate endpoint — Haiku failure resilience"],"fullName":"generate endpoint — Haiku failure resilience proceeds with generation when distress Haiku throws (fails open)","status":"passed","title":"proceeds with generation when distress Haiku throws (fails open)","duration":0.7884000000003653,"failureMessages":[],"meta":{},"tags":[]},{"ancestorTitles":["generate endpoint — input normalization"],"fullName":"generate endpoint — input normalization normalizes newlines and double-spaces in prompt before processing","status":"passed","title":"normalizes newlines and double-spaces in prompt before processing","duration":0.6319000000003143,"failureMessages":[],"meta":{},"tags":[]}],"startTime":1777641060256,"endTime":1777641060287.6318,"status":"passed","message":"","name":"C:/Users/larai/Documents/Software Projects/Bless Your Heart/tests/server/generate-integration.test.ts"},{"assertionResults":[{"ancestorTitles":["getHotlineForCountry"],"fullName":"getHotlineForCountry returns US 988 for \"US\"","status":"passed","title":"returns US 988 for \"US\"","duration":6.725200000000314,"failureMessages":[],"meta":{},"tags":[]},{"ancestorTitles":["getHotlineForCountry"],"fullName":"getHotlineForCountry returns Samaritans for \"GB\"","status":"passed","title":"returns Samaritans for \"GB\"","duration":0.4355000000000473,"failureMessages":[],"meta":{},"tags":[]},{"ancestorTitles":["getHotlineForCountry"],"fullName":"getHotlineForCountry uppercases input — \"us\" matches \"US\"","status":"passed","title":"uppercases input — \"us\" matches \"US\"","duration":0.28130000000010114,"failureMessages":[],"meta":{},"tags":[]},{"ancestorTitles":["getHotlineForCountry"],"fullName":"getHotlineForCountry returns the international fallback for unknown country codes","status":"passed","title":"returns the international fallback for unknown country codes","duration":4.476400000000012,"failureMessages":[],"meta":{},"tags":[]},{"ancestorTitles":["getHotlineForCountry"],"fullName":"getHotlineForCountry returns the international fallback for empty string","status":"passed","title":"returns the international fallback for empty string","duration":0.31310000000030414,"failureMessages":[],"meta":{},"tags":[]},{"ancestorTitles":["getHotlineForCountry"],"fullName":"getHotlineForCountry returns the international fallback for whitespace-only input","status":"passed","title":"returns the international fallback for whitespace-only input","duration":0.27719999999999345,"failureMessages":[],"meta":{},"tags":[]},{"ancestorTitles":["getHotlineForCountry"],"fullName":"getHotlineForCountry every supported country has a non-empty phone number","status":"passed","title":"every supported country has a non-empty phone number","duration":5.971999999999753,"failureMessages":[],"meta":{},"tags":[]},{"ancestorTitles":["getHotlineForCountry"],"fullName":"getHotlineForCountry international fallback offers a URL even without a phone","status":"passed","title":"international fallback offers a URL even without a phone","duration":1.402100000000246,"failureMessages":[],"meta":{},"tags":[]}],"startTime":1777641060084,"endTime":1777641060103.402,"status":"passed","message":"","name":"C:/Users/larai/Documents/Software Projects/Bless Your Heart/tests/server/hotlines.test.ts"},{"assertionResults":[{"ancestorTitles":["selectPhoto (extended)"],"fullName":"selectPhoto (extended) returns null for empty photo library","status":"passed","title":"returns null for empty photo library","duration":5.677700000000186,"failureMessages":[],"meta":{},"tags":[]},{"ancestorTitles":["selectPhoto (extended)"],"fullName":"selectPhoto (extended) rung 1: prefers any eligible standard photo over any high-cap fallback","status":"passed","title":"rung 1: prefers any eligible standard photo over any high-cap fallback","duration":0.94170000000031,"failureMessages":[],"meta":{},"tags":[]},{"ancestorTitles":["selectPhoto (extended)"],"fullName":"selectPhoto (extended) rung 1: matches when capacity exactly equals line length (boundary)","status":"passed","title":"rung 1: matches when capacity exactly equals line length (boundary)","duration":0.5500000000001819,"failureMessages":[],"meta":{},"tags":[]},{"ancestorTitles":["selectPhoto (extended)"],"fullName":"selectPhoto (extended) rung 1: rejects when line1Length is 1 over capacity","status":"passed","title":"rung 1: rejects when line1Length is 1 over capacity","duration":0.4877000000001317,"failureMessages":[],"meta":{},"tags":[]},{"ancestorTitles":["selectPhoto (extended)"],"fullName":"selectPhoto (extended) rung 2: falls back to non-excluded high-capacity when nothing fits","status":"passed","title":"rung 2: falls back to non-excluded high-capacity when nothing fits","duration":1.3541999999997643,"failureMessages":[],"meta":{},"tags":[]},{"ancestorTitles":["selectPhoto (extended)"],"fullName":"selectPhoto (extended) rung 2: respects excludeIds when picking the high-cap fallback","status":"passed","title":"rung 2: respects excludeIds when picking the high-cap fallback","duration":2.459600000000137,"failureMessages":[],"meta":{},"tags":[]},{"ancestorTitles":["selectPhoto (extended)"],"fullName":"selectPhoto (extended) rung 3: ignores excludeIds when no eligible or non-excluded high-cap remains","status":"passed","title":"rung 3: ignores excludeIds when no eligible or non-excluded high-cap remains","duration":1.065599999999904,"failureMessages":[],"meta":{},"tags":[]},{"ancestorTitles":["selectPhoto (extended)"],"fullName":"selectPhoto (extended) rung 3: still null when there are no high-cap photos at all","status":"passed","title":"rung 3: still null when there are no high-cap photos at all","duration":1.1451999999999316,"failureMessages":[],"meta":{},"tags":[]},{"ancestorTitles":["selectPhoto (extended)"],"fullName":"selectPhoto (extended) Math.random=0 deterministically picks the first eligible photo","status":"passed","title":"Math.random=0 deterministically picks the first eligible photo","duration":2.149800000000141,"failureMessages":[],"meta":{},"tags":[]},{"ancestorTitles":["selectPhoto (extended)"],"fullName":"selectPhoto (extended) Math.random=0.99 picks the last eligible photo","status":"passed","title":"Math.random=0.99 picks the last eligible photo","duration":0.7201000000000022,"failureMessages":[],"meta":{},"tags":[]},{"ancestorTitles":["selectPhoto (extended)"],"fullName":"selectPhoto (extended) handles zero-length lines (degenerate but valid)","status":"passed","title":"handles zero-length lines (degenerate but valid)","duration":0.35370000000011714,"failureMessages":[],"meta":{},"tags":[]}],"startTime":1777641059992,"endTime":1777641060009.3538,"status":"passed","message":"","name":"C:/Users/larai/Documents/Software Projects/Bless Your Heart/tests/server/photoSelection-extended.test.ts"},{"assertionResults":[{"ancestorTitles":["selectPhoto"],"fullName":"selectPhoto selects from eligible standard photos","status":"passed","title":"selects from eligible standard photos","duration":5.097199999999702,"failureMessages":[],"meta":{},"tags":[]},{"ancestorTitles":["selectPhoto"],"fullName":"selectPhoto excludes photos in excludeIds","status":"passed","title":"excludes photos in excludeIds","duration":0.6440999999999804,"failureMessages":[],"meta":{},"tags":[]},{"ancestorTitles":["selectPhoto"],"fullName":"selectPhoto falls back to high-capacity when standard cannot fit","status":"passed","title":"falls back to high-capacity when standard cannot fit","duration":1.4430999999999585,"failureMessages":[],"meta":{},"tags":[]},{"ancestorTitles":["selectPhoto"],"fullName":"selectPhoto returns null only when impossible","status":"passed","title":"returns null only when impossible","duration":0.3152999999997519,"failureMessages":[],"meta":{},"tags":[]}],"startTime":1777641059989,"endTime":1777641059996.443,"status":"passed","message":"","name":"C:/Users/larai/Documents/Software Projects/Bless Your Heart/tests/server/photoSelection.test.ts"},{"assertionResults":[{"ancestorTitles":["hashIp (extended)"],"fullName":"hashIp (extended) produces a 32-char hex string","status":"passed","title":"produces a 32-char hex string","duration":8.957699999999932,"failureMessages":[],"meta":{},"tags":[]},{"ancestorTitles":["hashIp (extended)"],"fullName":"hashIp (extended) produces consistent output for same IP within the same day","status":"passed","title":"produces consistent output for same IP within the same day","duration":0.5851000000002387,"failureMessages":[],"meta":{},"tags":[]},{"ancestorTitles":["hashIp (extended)"],"fullName":"hashIp (extended) uses IP_SALT_BASE env var when set","status":"passed","title":"uses IP_SALT_BASE env var when set","duration":1.213799999999992,"failureMessages":[],"meta":{},"tags":[]},{"ancestorTitles":["hashIp (extended)"],"fullName":"hashIp (extended) handles empty string IP without crashing","status":"passed","title":"handles empty string IP without crashing","duration":0.4256000000000313,"failureMessages":[],"meta":{},"tags":[]},{"ancestorTitles":["hashIp (extended)"],"fullName":"hashIp (extended) handles IPv6 IPs","status":"passed","title":"handles IPv6 IPs","duration":0.2898000000000138,"failureMessages":[],"meta":{},"tags":[]},{"ancestorTitles":["getClientIp"],"fullName":"getClientIp prefers x-nf-client-connection-ip when present","status":"passed","title":"prefers x-nf-client-connection-ip when present","duration":0.466099999999642,"failureMessages":[],"meta":{},"tags":[]},{"ancestorTitles":["getClientIp"],"fullName":"getClientIp falls back to the first entry of x-forwarded-for","status":"passed","title":"falls back to the first entry of x-forwarded-for","duration":0.2541999999998552,"failureMessages":[],"meta":{},"tags":[]},{"ancestorTitles":["getClientIp"],"fullName":"getClientIp trims whitespace from x-forwarded-for entries","status":"passed","title":"trims whitespace from x-forwarded-for entries","duration":0.21390000000019427,"failureMessages":[],"meta":{},"tags":[]},{"ancestorTitles":["getClientIp"],"fullName":"getClientIp returns \"unknown\" when no IP headers are present","status":"passed","title":"returns \"unknown\" when no IP headers are present","duration":0.2669999999998254,"failureMessages":[],"meta":{},"tags":[]},{"ancestorTitles":["getClientIp"],"fullName":"getClientIp returns \"unknown\" when only undefined headers are present","status":"passed","title":"returns \"unknown\" when only undefined headers are present","duration":0.2899999999999636,"failureMessages":[],"meta":{},"tags":[]},{"ancestorTitles":["checkAndIncrementRateLimit"],"fullName":"checkAndIncrementRateLimit creates a new doc with count=1 when no existing entry","status":"passed","title":"creates a new doc with count=1 when no existing entry","duration":11.047900000000027,"failureMessages":[],"meta":{},"tags":[]},{"ancestorTitles":["checkAndIncrementRateLimit"],"fullName":"checkAndIncrementRateLimit increments count on existing doc within the window","status":"passed","title":"increments count on existing doc within the window","duration":6.932699999999841,"failureMessages":[],"meta":{},"tags":[]},{"ancestorTitles":["checkAndIncrementRateLimit"],"fullName":"checkAndIncrementRateLimit blocks (allowed=false) when count >= limit within the window","status":"passed","title":"blocks (allowed=false) when count >= limit within the window","duration":0.7690999999999804,"failureMessages":[],"meta":{},"tags":[]},{"ancestorTitles":["checkAndIncrementRateLimit"],"fullName":"checkAndIncrementRateLimit resets the window when the existing one is older than 1 hour","status":"passed","title":"resets the window when the existing one is older than 1 hour","duration":2.927900000000136,"failureMessages":[],"meta":{},"tags":[]},{"ancestorTitles":["checkAndIncrementRateLimit"],"fullName":"checkAndIncrementRateLimit respects RATE_LIMIT_PER_HOUR env var","status":"passed","title":"respects RATE_LIMIT_PER_HOUR env var","duration":0.5723000000002685,"failureMessages":[],"meta":{},"tags":[]},{"ancestorTitles":["checkAndIncrementRateLimit"],"fullName":"checkAndIncrementRateLimit writes to the rateLimits collection","status":"passed","title":"writes to the rateLimits collection","duration":0.5567000000000917,"failureMessages":[],"meta":{},"tags":[]},{"ancestorTitles":["checkAndIncrementRateLimit"],"fullName":"checkAndIncrementRateLimit uses the hashedIp as the document key","status":"passed","title":"uses the hashedIp as the document key","duration":0.5506000000000313,"failureMessages":[],"meta":{},"tags":[]},{"ancestorTitles":["checkAndIncrementRateLimit"],"fullName":"checkAndIncrementRateLimit boundary: blocks when count exactly equals limit","status":"passed","title":"boundary: blocks when count exactly equals limit","duration":3.1010999999998603,"failureMessages":[],"meta":{},"tags":[]},{"ancestorTitles":["checkAndIncrementRateLimit"],"fullName":"checkAndIncrementRateLimit boundary: allows when count is one below limit","status":"passed","title":"boundary: allows when count is one below limit","duration":0.5874000000003434,"failureMessages":[],"meta":{},"tags":[]},{"ancestorTitles":["checkAndIncrementRateLimit"],"fullName":"checkAndIncrementRateLimit writes count: 1 on initial doc creation (first request is counted, not free)","status":"passed","title":"writes count: 1 on initial doc creation (first request is counted, not free)","duration":3.4276999999997315,"failureMessages":[],"meta":{},"tags":[]},{"ancestorTitles":["checkAndIncrementRateLimit"],"fullName":"checkAndIncrementRateLimit writes count: 1 when resetting an expired window (first request of new window is counted)","status":"passed","title":"writes count: 1 when resetting an expired window (first request of new window is counted)","duration":0.9322999999999411,"failureMessages":[],"meta":{},"tags":[]}],"startTime":1777641060069,"endTime":1777641060113.9324,"status":"passed","message":"","name":"C:/Users/larai/Documents/Software Projects/Bless Your Heart/tests/server/rateLimit-extended.test.ts"},{"assertionResults":[{"ancestorTitles":["hashIp"],"fullName":"hashIp produces different hashes for different IPs","status":"passed","title":"produces different hashes for different IPs","duration":4.02579999999989,"failureMessages":[],"meta":{},"tags":[]}],"startTime":1777641060954,"endTime":1777641060958.026,"status":"passed","message":"","name":"C:/Users/larai/Documents/Software Projects/Bless Your Heart/tests/server/rateLimit.test.ts"},{"assertionResults":[{"ancestorTitles":["checkSlurFilter (extended)"],"fullName":"checkSlurFilter (extended) matches a slur as a whole word","status":"passed","title":"matches a slur as a whole word","duration":3.6062999999999192,"failureMessages":[],"meta":{},"tags":[]},{"ancestorTitles":["checkSlurFilter (extended)"],"fullName":"checkSlurFilter (extended) does not flag a slur substring inside an unrelated word","status":"passed","title":"does not flag a slur substring inside an unrelated word","duration":0.47470000000021173,"failureMessages":[],"meta":{},"tags":[]},{"ancestorTitles":["checkSlurFilter (extended)"],"fullName":"checkSlurFilter (extended) is case-insensitive","status":"passed","title":"is case-insensitive","duration":0.31379999999990105,"failureMessages":[],"meta":{},"tags":[]},{"ancestorTitles":["checkSlurFilter (extended)"],"fullName":"checkSlurFilter (extended) handles multi-word slurs","status":"passed","title":"handles multi-word slurs","duration":0.33379999999988286,"failureMessages":[],"meta":{},"tags":[]},{"ancestorTitles":["checkSlurFilter (extended)"],"fullName":"checkSlurFilter (extended) returns false for empty string","status":"passed","title":"returns false for empty string","duration":4.796700000000328,"failureMessages":[],"meta":{},"tags":[]},{"ancestorTitles":["checkSlurFilter (extended)"],"fullName":"checkSlurFilter (extended) handles unicode and punctuation around slurs","status":"passed","title":"handles unicode and punctuation around slurs","duration":1.0079000000000633,"failureMessages":[],"meta":{},"tags":[]},{"ancestorTitles":["checkRealPersonFilter (extended)"],"fullName":"checkRealPersonFilter (extended) detects all relationship words from the list","status":"passed","title":"detects all relationship words from the list","duration":1.205699999999979,"failureMessages":[],"meta":{},"tags":[]},{"ancestorTitles":["checkRealPersonFilter (extended)"],"fullName":"checkRealPersonFilter (extended) does not flag a relationship word when the next word is lowercase","status":"passed","title":"does not flag a relationship word when the next word is lowercase","duration":0.2893000000003667,"failureMessages":[],"meta":{},"tags":[]},{"ancestorTitles":["checkRealPersonFilter (extended)"],"fullName":"checkRealPersonFilter (extended) does not flag relationship words alone (no following capitalized word)","status":"passed","title":"does not flag relationship words alone (no following capitalized word)","duration":0.29260000000022046,"failureMessages":[],"meta":{},"tags":[]},{"ancestorTitles":["checkRealPersonFilter (extended)"],"fullName":"checkRealPersonFilter (extended) does not match unrelated possessives followed by a name","status":"passed","title":"does not match unrelated possessives followed by a name","duration":4.638899999999921,"failureMessages":[],"meta":{},"tags":[]},{"ancestorTitles":["checkRealPersonFilter (extended)"],"fullName":"checkRealPersonFilter (extended) returns false for empty string","status":"passed","title":"returns false for empty string","duration":0.4331999999999425,"failureMessages":[],"meta":{},"tags":[]},{"ancestorTitles":["checkDistressPhraseList (extended)"],"fullName":"checkDistressPhraseList (extended) detects a distress phrase embedded in a longer sentence","status":"passed","title":"detects a distress phrase embedded in a longer sentence","duration":0.2518000000000029,"failureMessages":[],"meta":{},"tags":[]},{"ancestorTitles":["checkDistressPhraseList (extended)"],"fullName":"checkDistressPhraseList (extended) handles mixed case","status":"passed","title":"handles mixed case","duration":0.16409999999996217,"failureMessages":[],"meta":{},"tags":[]},{"ancestorTitles":["checkDistressPhraseList (extended)"],"fullName":"checkDistressPhraseList (extended) returns false for hyperbolic complaints that are not on the phrase list","status":"passed","title":"returns false for hyperbolic complaints that are not on the phrase list","duration":0.18699999999989814,"failureMessages":[],"meta":{},"tags":[]},{"ancestorTitles":["checkDistressPhraseList (extended)"],"fullName":"checkDistressPhraseList (extended) returns false for empty string","status":"passed","title":"returns false for empty string","duration":0.1268000000000029,"failureMessages":[],"meta":{},"tags":[]},{"ancestorTitles":["checkDistressWithHaiku"],"fullName":"checkDistressWithHaiku returns true when verdict starts with \"crisis\"","status":"passed","title":"returns true when verdict starts with \"crisis\"","duration":2.7190999999997985,"failureMessages":[],"meta":{},"tags":[]},{"ancestorTitles":["checkDistressWithHaiku"],"fullName":"checkDistressWithHaiku returns false when verdict starts with \"ok\"","status":"passed","title":"returns false when verdict starts with \"ok\"","duration":0.28330000000005384,"failureMessages":[],"meta":{},"tags":[]},{"ancestorTitles":["checkDistressWithHaiku"],"fullName":"checkDistressWithHaiku is case-insensitive on the verdict","status":"passed","title":"is case-insensitive on the verdict","duration":0.21450000000004366,"failureMessages":[],"meta":{},"tags":[]},{"ancestorTitles":["checkDistressWithHaiku"],"fullName":"checkDistressWithHaiku trims whitespace before comparing verdict","status":"passed","title":"trims whitespace before comparing verdict","duration":0.2056999999999789,"failureMessages":[],"meta":{},"tags":[]},{"ancestorTitles":["checkDistressWithHaiku"],"fullName":"checkDistressWithHaiku returns false on SDK error (fails open — never block on a Haiku infra failure)","status":"passed","title":"returns false on SDK error (fails open — never block on a Haiku infra failure)","duration":1.3519999999998618,"failureMessages":[],"meta":{},"tags":[]},{"ancestorTitles":["checkDistressWithHaiku"],"fullName":"checkDistressWithHaiku returns false (defensive default) when content is not text","status":"passed","title":"returns false (defensive default) when content is not text","duration":0.3030999999996311,"failureMessages":[],"meta":{},"tags":[]},{"ancestorTitles":["checkDistressWithHaiku"],"fullName":"checkDistressWithHaiku uses safety model env var when set","status":"passed","title":"uses safety model env var when set","duration":0.282799999999952,"failureMessages":[],"meta":{},"tags":[]},{"ancestorTitles":["checkDistressWithHaiku"],"fullName":"checkDistressWithHaiku uses temperature 0 for deterministic safety classification","status":"passed","title":"uses temperature 0 for deterministic safety classification","duration":1.6458999999999833,"failureMessages":[],"meta":{},"tags":[]}],"startTime":1777641060088,"endTime":1777641060113.646,"status":"passed","message":"","name":"C:/Users/larai/Documents/Software Projects/Bless Your Heart/tests/server/safety-extended.test.ts"},{"assertionResults":[{"ancestorTitles":["checkSlurFilter"],"fullName":"checkSlurFilter returns false for clean input","status":"passed","title":"returns false for clean input","duration":7.43939999999975,"failureMessages":[],"meta":{},"tags":[]},{"ancestorTitles":["checkSlurFilter"],"fullName":"checkSlurFilter allows common profanity","status":"passed","title":"allows common profanity","duration":0.47470000000021173,"failureMessages":[],"meta":{},"tags":[]},{"ancestorTitles":["checkRealPersonFilter"],"fullName":"checkRealPersonFilter returns false for generic input","status":"passed","title":"returns false for generic input","duration":0.46289999999999054,"failureMessages":[],"meta":{},"tags":[]},{"ancestorTitles":["checkRealPersonFilter"],"fullName":"checkRealPersonFilter allows relationship words without names","status":"passed","title":"allows relationship words without names","duration":0.4398000000001048,"failureMessages":[],"meta":{},"tags":[]},{"ancestorTitles":["checkDistressPhraseList"],"fullName":"checkDistressPhraseList returns false for casual input","status":"passed","title":"returns false for casual input","duration":0.3532999999997628,"failureMessages":[],"meta":{},"tags":[]}],"startTime":1777641060092,"endTime":1777641060102.3533,"status":"passed","message":"","name":"C:/Users/larai/Documents/Software Projects/Bless Your Heart/tests/server/safety.test.ts"},{"assertionResults":[{"ancestorTitles":["checkSynonymMap"],"fullName":"checkSynonymMap returns true when a content word maps to a token in line2","status":"passed","title":"returns true when a content word maps to a token in line2","duration":10.885699999999815,"failureMessages":[],"meta":{},"tags":[]},{"ancestorTitles":["checkSynonymMap"],"fullName":"checkSynonymMap returns false when no content word matches anything","status":"passed","title":"returns false when no content word matches anything","duration":0.3420000000000982,"failureMessages":[],"meta":{},"tags":[]},{"ancestorTitles":["checkSynonymMap"],"fullName":"checkSynonymMap returns false when content word has no synonym entry","status":"passed","title":"returns false when content word has no synonym entry","duration":0.23909999999978027,"failureMessages":[],"meta":{},"tags":[]},{"ancestorTitles":["checkSynonymMap"],"fullName":"checkSynonymMap matches if any of multiple content words connects","status":"passed","title":"matches if any of multiple content words connects","duration":0.25109999999995125,"failureMessages":[],"meta":{},"tags":[]},{"ancestorTitles":["checkSynonymMap"],"fullName":"checkSynonymMap returns false for empty content words array","status":"passed","title":"returns false for empty content words array","duration":0.24579999999969004,"failureMessages":[],"meta":{},"tags":[]},{"ancestorTitles":["checkSynonymMap"],"fullName":"checkSynonymMap returns false when line2 tokens are empty","status":"passed","title":"returns false when line2 tokens are empty","duration":0.20839999999998327,"failureMessages":[],"meta":{},"tags":[]},{"ancestorTitles":["checkSynonymMap"],"fullName":"checkSynonymMap matches \"work\" to job-related tokens","status":"passed","title":"matches \"work\" to job-related tokens","duration":0.34500000000025466,"failureMessages":[],"meta":{},"tags":[]},{"ancestorTitles":["checkSynonymMap"],"fullName":"checkSynonymMap matches \"anxiety\" to emotional vocabulary","status":"passed","title":"matches \"anxiety\" to emotional vocabulary","duration":4.209200000000237,"failureMessages":[],"meta":{},"tags":[]},{"ancestorTitles":["checkSynonymMap"],"fullName":"checkSynonymMap matches \"money\" to financial vocabulary","status":"passed","title":"matches \"money\" to financial vocabulary","duration":0.9675999999999476,"failureMessages":[],"meta":{},"tags":[]},{"ancestorTitles":["checkSynonymMap"],"fullName":"checkSynonymMap matches \"family\" to relatives vocabulary","status":"passed","title":"matches \"family\" to relatives vocabulary","duration":0.29750000000012733,"failureMessages":[],"meta":{},"tags":[]},{"ancestorTitles":["checkSynonymMap"],"fullName":"checkSynonymMap handles \"ex\" with romance synonyms","status":"passed","title":"handles \"ex\" with romance synonyms","duration":0.21980000000030486,"failureMessages":[],"meta":{},"tags":[]},{"ancestorTitles":["checkSynonymMap"],"fullName":"checkSynonymMap treats unknown synonym lookups silently (continues to next word)","status":"passed","title":"treats unknown synonym lookups silently (continues to next word)","duration":4.4310999999997875,"failureMessages":[],"meta":{},"tags":[]}],"startTime":1777641060072,"endTime":1777641060095.4312,"status":"passed","message":"","name":"C:/Users/larai/Documents/Software Projects/Bless Your Heart/tests/server/synonyms.test.ts"},{"assertionResults":[{"ancestorTitles":["parseGenerationOutput (extended)"],"fullName":"parseGenerationOutput (extended) strips trailing markdown fences correctly","status":"passed","title":"strips trailing markdown fences correctly","duration":8.737600000000384,"failureMessages":[],"meta":{},"tags":[]},{"ancestorTitles":["parseGenerationOutput (extended)"],"fullName":"parseGenerationOutput (extended) strips both opening (without \"json\") and trailing fences","status":"passed","title":"strips both opening (without \"json\") and trailing fences","duration":0.7229000000002088,"failureMessages":[],"meta":{},"tags":[]},{"ancestorTitles":["parseGenerationOutput (extended)"],"fullName":"parseGenerationOutput (extended) trims surrounding whitespace and newlines","status":"passed","title":"trims surrounding whitespace and newlines","duration":0.3431000000000495,"failureMessages":[],"meta":{},"tags":[]},{"ancestorTitles":["parseGenerationOutput (extended)"],"fullName":"parseGenerationOutput (extended) returns null when line1 is missing","status":"passed","title":"returns null when line1 is missing","duration":1.5242000000002918,"failureMessages":[],"meta":{},"tags":[]},{"ancestorTitles":["parseGenerationOutput (extended)"],"fullName":"parseGenerationOutput (extended) returns null when line2 is missing","status":"passed","title":"returns null when line2 is missing","duration":0.9196999999999207,"failureMessages":[],"meta":{},"tags":[]},{"ancestorTitles":["parseGenerationOutput (extended)"],"fullName":"parseGenerationOutput (extended) returns null when line1 is empty after trim","status":"passed","title":"returns null when line1 is empty after trim","duration":0.8769999999999527,"failureMessages":[],"meta":{},"tags":[]},{"ancestorTitles":["parseGenerationOutput (extended)"],"fullName":"parseGenerationOutput (extended) returns null when line2 is empty after trim","status":"passed","title":"returns null when line2 is empty after trim","duration":0.6673000000000684,"failureMessages":[],"meta":{},"tags":[]},{"ancestorTitles":["parseGenerationOutput (extended)"],"fullName":"parseGenerationOutput (extended) returns null for non-string fields","status":"passed","title":"returns null for non-string fields","duration":0.8994000000002416,"failureMessages":[],"meta":{},"tags":[]},{"ancestorTitles":["parseGenerationOutput (extended)"],"fullName":"parseGenerationOutput (extended) accepts exactly 60-char line1 (boundary)","status":"passed","title":"accepts exactly 60-char line1 (boundary)","duration":1.8326999999999316,"failureMessages":[],"meta":{},"tags":[]},{"ancestorTitles":["parseGenerationOutput (extended)"],"fullName":"parseGenerationOutput (extended) rejects 61-char line1","status":"passed","title":"rejects 61-char line1","duration":0.4591000000000349,"failureMessages":[],"meta":{},"tags":[]},{"ancestorTitles":["parseGenerationOutput (extended)"],"fullName":"parseGenerationOutput (extended) accepts exactly 100-char line2 (boundary)","status":"passed","title":"accepts exactly 100-char line2 (boundary)","duration":0.22659999999996217,"failureMessages":[],"meta":{},"tags":[]},{"ancestorTitles":["parseGenerationOutput (extended)"],"fullName":"parseGenerationOutput (extended) rejects 101-char line2","status":"passed","title":"rejects 101-char line2","duration":0.4045000000000982,"failureMessages":[],"meta":{},"tags":[]},{"ancestorTitles":["parseGenerationOutput (extended)"],"fullName":"parseGenerationOutput (extended) returns null for empty string input","status":"passed","title":"returns null for empty string input","duration":0.2357999999999265,"failureMessages":[],"meta":{},"tags":[]},{"ancestorTitles":["parseGenerationOutput (extended)"],"fullName":"parseGenerationOutput (extended) returns null for nested object input","status":"passed","title":"returns null for nested object input","duration":0.2645999999999731,"failureMessages":[],"meta":{},"tags":[]},{"ancestorTitles":["parseGenerationOutput (extended)"],"fullName":"parseGenerationOutput (extended) returns null for array input","status":"passed","title":"returns null for array input","duration":0.26809999999977663,"failureMessages":[],"meta":{},"tags":[]},{"ancestorTitles":["parseGenerationOutput (extended)"],"fullName":"parseGenerationOutput (extended) trims whitespace inside line1/line2 (zod .trim())","status":"passed","title":"trims whitespace inside line1/line2 (zod .trim())","duration":0.21329999999989013,"failureMessages":[],"meta":{},"tags":[]},{"ancestorTitles":["checkSpecificity (extended)"],"fullName":"checkSpecificity (extended) detects overlap with stemming (plural to singular)","status":"passed","title":"detects overlap with stemming (plural to singular)","duration":0.6804999999999382,"failureMessages":[],"meta":{},"tags":[]},{"ancestorTitles":["checkSpecificity (extended)"],"fullName":"checkSpecificity (extended) detects overlap via direct token match","status":"passed","title":"detects overlap via direct token match","duration":0.20820000000003347,"failureMessages":[],"meta":{},"tags":[]},{"ancestorTitles":["checkSpecificity (extended)"],"fullName":"checkSpecificity (extended) detects overlap with stemming (\"families\" to \"family\")","status":"passed","title":"detects overlap with stemming (\"families\" to \"family\")","duration":0.32940000000007785,"failureMessages":[],"meta":{},"tags":[]},{"ancestorTitles":["checkSpecificity (extended)"],"fullName":"checkSpecificity (extended) matches the symmetric-stem path (line2 stem === prompt stem)","status":"passed","title":"matches the symmetric-stem path (line2 stem === prompt stem)","duration":0.4525000000003274,"failureMessages":[],"meta":{},"tags":[]},{"ancestorTitles":["checkSpecificity (extended)"],"fullName":"checkSpecificity (extended) falls through to synonym map when no direct overlap","status":"passed","title":"falls through to synonym map when no direct overlap","duration":2.028899999999794,"failureMessages":[],"meta":{},"tags":[]},{"ancestorTitles":["checkSpecificity (extended)"],"fullName":"checkSpecificity (extended) returns false when neither direct overlap nor synonyms hit","status":"passed","title":"returns false when neither direct overlap nor synonyms hit","duration":0.2454000000002452,"failureMessages":[],"meta":{},"tags":[]},{"ancestorTitles":["checkSpecificity (extended)"],"fullName":"checkSpecificity (extended) returns true for very short prompts (<=1 token)","status":"passed","title":"returns true for very short prompts (<=1 token)","duration":0.15020000000004075,"failureMessages":[],"meta":{},"tags":[]},{"ancestorTitles":["checkSpecificity (extended)"],"fullName":"checkSpecificity (extended) returns true for prompts that are mostly punctuation (low letter ratio)","status":"passed","title":"returns true for prompts that are mostly punctuation (low letter ratio)","duration":0.16200000000026193,"failureMessages":[],"meta":{},"tags":[]},{"ancestorTitles":["checkSpecificity (extended)"],"fullName":"checkSpecificity (extended) returns true when all prompt tokens are stopwords","status":"passed","title":"returns true when all prompt tokens are stopwords","duration":0.18580000000019936,"failureMessages":[],"meta":{},"tags":[]},{"ancestorTitles":["checkSpecificity (extended)"],"fullName":"checkSpecificity (extended) returns true for question prompts even when content does not overlap","status":"passed","title":"returns true for question prompts even when content does not overlap","duration":0.125,"failureMessages":[],"meta":{},"tags":[]},{"ancestorTitles":["checkSpecificity (extended)"],"fullName":"checkSpecificity (extended) handles prompts with apostrophes (\"haven't started\")","status":"passed","title":"handles prompts with apostrophes (\"haven't started\")","duration":0.16239999999970678,"failureMessages":[],"meta":{},"tags":[]},{"ancestorTitles":["checkSpecificity (extended)"],"fullName":"checkSpecificity (extended) case-insensitive overlap check","status":"passed","title":"case-insensitive overlap check","duration":0.16589999999996508,"failureMessages":[],"meta":{},"tags":[]},{"ancestorTitles":["checkSpecificity (extended)"],"fullName":"checkSpecificity (extended) rejects when a 3-char content word in the prompt has no overlap with line2","status":"passed","title":"rejects when a 3-char content word in the prompt has no overlap with line2","duration":0.26490000000012515,"failureMessages":[],"meta":{},"tags":[]},{"ancestorTitles":["checkSpecificity (extended)"],"fullName":"checkSpecificity (extended) rejects when a 3-char content word (\"gym\") in prompt has no synonym/overlap with line2","status":"passed","title":"rejects when a 3-char content word (\"gym\") in prompt has no synonym/overlap with line2","duration":0.3512000000000626,"failureMessages":[],"meta":{},"tags":[]},{"ancestorTitles":["checkSpecificity (extended)"],"fullName":"checkSpecificity (extended) does NOT treat a prompt as off-topic when letter ratio is between 0.3 and 0.4","status":"passed","title":"does NOT treat a prompt as off-topic when letter ratio is between 0.3 and 0.4","duration":0.3109999999996944,"failureMessages":[],"meta":{},"tags":[]},{"ancestorTitles":["checkSpecificity (extended)"],"fullName":"checkSpecificity (extended) treats prompts with very low letter ratio as off-topic (free pass)","status":"passed","title":"treats prompts with very low letter ratio as off-topic (free pass)","duration":0.2613000000001193,"failureMessages":[],"meta":{},"tags":[]}],"startTime":1777641060196,"endTime":1777641060221.3513,"status":"passed","message":"","name":"C:/Users/larai/Documents/Software Projects/Bless Your Heart/tests/server/validation-extended.test.ts"},{"assertionResults":[{"ancestorTitles":["parseGenerationOutput"],"fullName":"parseGenerationOutput parses valid JSON output","status":"passed","title":"parses valid JSON output","duration":11.6882999999998,"failureMessages":[],"meta":{},"tags":[]},{"ancestorTitles":["parseGenerationOutput"],"fullName":"parseGenerationOutput strips markdown code fences","status":"passed","title":"strips markdown code fences","duration":1.203099999999722,"failureMessages":[],"meta":{},"tags":[]},{"ancestorTitles":["parseGenerationOutput"],"fullName":"parseGenerationOutput returns null for invalid JSON","status":"passed","title":"returns null for invalid JSON","duration":0.6568999999999505,"failureMessages":[],"meta":{},"tags":[]},{"ancestorTitles":["parseGenerationOutput"],"fullName":"parseGenerationOutput returns null for extra fields","status":"passed","title":"returns null for extra fields","duration":1.7825999999995474,"failureMessages":[],"meta":{},"tags":[]},{"ancestorTitles":["checkSpecificity"],"fullName":"checkSpecificity fails when line2 is completely generic","status":"passed","title":"fails when line2 is completely generic","duration":2.063100000000304,"failureMessages":[],"meta":{},"tags":[]},{"ancestorTitles":["checkSpecificity"],"fullName":"checkSpecificity gives free pass to single-word prompts","status":"passed","title":"gives free pass to single-word prompts","duration":0.4989999999997963,"failureMessages":[],"meta":{},"tags":[]},{"ancestorTitles":["checkSpecificity"],"fullName":"checkSpecificity passes via synonym map","status":"passed","title":"passes via synonym map","duration":0.5408999999999651,"failureMessages":[],"meta":{},"tags":[]}],"startTime":1777641060183,"endTime":1777641060202.541,"status":"passed","message":"","name":"C:/Users/larai/Documents/Software Projects/Bless Your Heart/tests/server/validation.test.ts"}]}